#*t ($1)# 
#topage("$1")#
#*macroend# 


#*linie ($1)# 
#rpos($1)##fillchar(" ")##table# 
#on("u")# #off("u")# 
#table end# 
#clearpos#
#*macroend# 
 


#*k ($1, $2)#
#type("8")##center##ib(3)#$1  $2#ie(3)##type("elite")# 
#*macroend#
 




#*h ($1, $2)#
#type("8")##center##on("i")##on("u")##ib(3)#$1  $2#ie(3)##off("u")##off("i")##type("elite")# 
#headodd#
#center##on("b")#$1  $2#off("b")# 
 
 
 
#end#
#*macroend#
 




#*kopf ($1)#
#headeven#
#center##on("b")#$1#off("b")# 
 
 
 
#end# 
#bottomodd# 
 
 
 α 
#end# 
#bottomeven# 
 
 
#right#α 
#end# 
#*macroend#
