#type ("elite")##limit (16.2)# 
#page##--------------------------------- Ende der Seite 0 -----------#
#center##on("b")#  Inhalt  #off("b")# 
 
 
 
#type("elite")##limit(16.2)##linefeed(01.0)# 
#text begin# 
#type("8")##center##on("i")##on("u")##ib(3)#  Inhalt  #ie(3)##off("u")##off("i")##type("elite")# 
 
1.  Einige Worte zuvor ...........................  1 
2.  Die Hardware .................................  2 
2.1  Die serielle Schnittstelle ..................  2 
2.2  Der Reset ...................................  2 
3.  Die Kommandozeile ............................  3 
3.1  Tastenfunktionen in der Kommandozeile .......  3 
3.2  Setup .......................................  4 
3.3  Die zweite Kommandozeile ....................  4 
3.4  Die zweite Kommandozeile ....................  6 
4.  Die Statuszeile ..............................  8 
4.1  Spoolerstatus ...............................  8 
4.2  EmpfÑngerstatus .............................  8 
4.3  Senderstatus ................................  9 
4.4  Busy - Anzeige ..............................  9 
4.5  Online/Local - Anzeige ......................  9 
5.  Die Bedeutung der Tasten .....................  10 
5.1  Die Funktions- und Steuertasten .............  10 
5.2  Die TVI-Emulation ...........................  13 
6.  Der Graphikmodus .............................  16 
6.1  Allgemeines .................................  16 
6.2  Koordinaten und ParameterÅbergabe ...........  16 
6.2.1  Cursorposition/Fadenkreuz .................  16 
6.2.2  BinÑre oder dezimale Parameter ............  17 
6.2.2.1  BinÑre Parameter ........................  17 
6.2.2.2  Dezimale Parameter ......................  17 
6.2.3  Absolute oder relative Koordinaten ........  18 
6.2.4  Byteparameter .............................  18 
6.3  Die Graphikparameter ........................  19 
6.3.1  Strichdicke ...............................  19 
6.3.2  Farbe/Helligkeit ..........................  19 
6.3.3  Linientyp .................................  20 
6.3.3.1  Selbstdefinierte Linientypen (Pattern) ..  20 
6.3.4  BitverknÅpfungen ..........................  21 
6.3.5  Multiparametereinstellung .................  22 
6.4  Graphikseiten ...............................  22 
6.4.1  Die sichtbare Seite und die Arbeitsseite ..  22 
6.4.1.1  80-Zeichen Text und Graphik .............  23 
6.4.2  Aufbau einer Graphikseite .................  23 
6.4.3  Operationen auf den Graphikseiten .........  24 
6.4.4  Laden einer Graphikseite vom Host .........  25 
6.4.5  Graphik auf Diskette speichern/laden ......  26 
6.5  Textdarstellung im Graphikmodus .............  26 
6.5.1  Zeichendarstellung ........................  27 
6.5.1.1  Zeichengrî·e und Schreibrichtung ........  27 
6.5.1.2  Dicke, Farbe etc. .......................  28 
6.5.1.3  ZeichensÑtze und Attribute ..............  28 
6.5.1.4  Zeichen Åberschreiben ...................  29 
6.5.2  Textkommandos im Graphikmodus .............  30 
6.5.2.1  Die Cursorpositionierung ................  30 
6.5.2.2  Lîschbefehle ............................  33 
#text end#
#free(02.351852e-2)#
 
 
 i 
#page##--------------------------------- Ende der Seite 1 -----------#
#center##on("b")#Bedienungshandbuch zum ruc - Graphikterminal#off("b")# 
 
 
 
#type("elite")##limit(16.2)##linefeed(01.0)# 
#text begin# 
6.6  Die Graphikkommandos ........................  33 
6.6.1  Draw's und Move's .........................  33 
6.6.1.1  Punkt setzen ............................  34 
6.6.1.2  Move-Befehle ............................  34 
6.6.1.3  Draw-Befehle ............................  35 
6.6.1.4  Turtle-Graphik ..........................  35 
6.6.2  Komplexere Zeichenkommandos ...............  36 
6.6.2.1  Kreise und Kreissegmente ................  36 
6.6.2.2  Rechtecke ...............................  37 
6.6.2.3  Bîgen und Ellipsen ......................  38 
6.6.2.4  GefÅllte FlÑchen ........................  39 
6.6.2.4.1  Definition des Musters ................  40 
6.7  Graphikdaten zum Host .......................  40 
6.7.1  Graphikseiten zum Host ....................  40 
6.7.2  Cursorposition zum Host ...................  41 
6.7.3  Einzelne Bits zum Host ....................  41 
6.7.4  Parameter zum Host ........................  42 
6.8  Graphikhardcopy .............................  43 
6.8.1  Der Druckertreiber ........................  43 
6.8.2  Die Hardcopyparameter .....................  44 
7.  Die Parameter der seriellen Schnittstelle ....  46 
7.1  Das öbertragungsformat ......................  46 
7.2  Die öbertragungsparameter ...................  46 
7.2.1  Baudrate ..................................  47 
7.2.2  Datenbits .................................  47 
7.2.3  Stopbits ..................................  48 
7.2.4  ParitÑtsbit ...............................  48 
7.2.5  öbertragungsfehler ........................  48 
7.3  Die Flu·kontrolle ...........................  48 
7.3.1  XON/XOFF ..................................  49 
7.3.2  DTR/DSR ...................................  50 
7.3.3  RTS/CTS ...................................  50 
7.4  Echo und Local/Online .......................  51 
8.  Spezielle Kommandos im Textmodus .............  52 
8.1  Weitere Cursorpositionierungskommandos ......  52 
8.2  Cursormodus .................................  53 
8.3  Zeichensatz einstellen ......................  53 
8.4  Texthardcopy ................................  54 
8.5  Zeichen-Attribute ...........................  54 
8.6  Bildhintergrund hell/dunkel .................  55 
8.7  Zeichentransfer zum Host ....................  55 
8.7.1  Ein Zeichen senden ........................  55 
8.7.2  Eine Zeile senden .........................  56 
8.7.3  Eine Seite senden .........................  56 
8.7.4  Terminatorzeichen definieren ..............  56 
8.7.5  Cursorposition senden .....................  57 
8.8  Textseite auf Diskette speichern/laden ......  57 
9.  Verschiedene Steuerkommandos .................  58 
9.1  Signalton ...................................  58 
9.2  Keyboardclick ...............................  58 
9.3  Bildschirmausgabe/Druckerausgabe ............  58 
9.4  Scroll/Page-Modus ...........................  59 
#text end#
#free(02.351852e-2)#
 
 
#right#ii 
#type("elite")##limit(16.2)##linefeed(01.0)# 
#page##--------------------------------- Ende der Seite 2 -----------#
#center##on("b")#  Inhalt  #off("b")# 
 
 
 
#type("elite")##limit(16.2)##linefeed(01.0)# 
#text begin# 
9.5  Belegung der Funktionstasten ................  59 
9.5.1  Local-Escape ..............................  60 
9.5.2  Makrokommandos ............................  60 
9.5.3  Startup-Makro .............................  61 
9.6  Tabellen und Puffer lîschen .................  62 
9.7  Zeitverzîgerung .............................  62 
9.8  Transparentmodi .............................  62 
9.8.1  Monitor-Modus .............................  62 
9.8.2  Hexadezimal-Modus .........................  63 
9.8.3  Einzelne Control-Zeichen anzeigen .........  63 
Anhang A - ASCII Tabelle, ZeichensÑtze, Parameter.  64 
Anhang B - BefehlsÅbersicht ......................  70 
Anhang C - Default Funktionstastenbelegungen .....  74 
Stichwortverzeichnis .............................  75 
#text end#
#free(16.11019)#
 
 
 iii
#page##--------------------------------- Ende der Seite 3 -----------#
