#type ("elite")##limit (16.2)# 
#pagenr (""224"", 75)#
#page##--------------------------------- Ende der Seite 0 -----------#
#center##on("b")#  Stichwortverzeichnis  #off("b")# 
 
 
 
#type("elite")##limit(16.2)##linefeed(01.0)# 
#text begin# 
#type("8")##center##on("i")##on("u")##ib(3)#  Stichwortverzeichnis  #ie(3)##off("u")##off("i")##type("elite")# 
 
<BACKSPACE> ......................................  14 
<BOTTOMLEFT> .....................................  32 
<BOTTOMRIGHT> ....................................  32 
<CE> .............................................  16 
<CE> .............................................  31 
<CTRL G> .........................................  58 
<CTRL HOME> ......................................  32 
<CTRL K> .........................................  14 
<CTRL L> .........................................  14 
<CTRL N> .........................................  49 
<CTRL O> .........................................  49 
<CTRL SHIFT ^> ...................................  14 
<CTRL SHIFT _> ...................................  14 
<CTRL V> .........................................  31 
<CTRL X> .........................................  16 
<CTRL Z> .........................................  14 
<CTRL Z> .........................................  33 
<CTRL Q> .........................................  49 
<CTRL S> .........................................  49 
<DELETE> .........................................  32 
<DOWN> ...........................................  31 
<ESC> ! ..........................................  24 
<ESC> $ ..........................................  16 
<ESC> % ..........................................  16 
<ESC> & ..........................................  29 
<ESC> ' ..........................................  29 
<ESC> ( ..........................................  29 
<ESC> ( ..........................................  54 
<ESC> ) ..........................................  29 
<ESC> ) ..........................................  55 
<ESC> * ..........................................  33 
<ESC> + ..........................................  33 
<ESC> , ..........................................  33 
<ESC> - ..........................................  41 
<ESC> . ..........................................  53 
<ESC> ............................................  32 
<ESC> / ..........................................  25 
<ESC> 0 ..........................................  2 
<ESC> 4 ..........................................  42 
<ESC> 5 ..........................................  42 
<ESC> 6 ..........................................  56 
<ESC> 7 ..........................................  56 
<ESC> 7 ..........................................  56 
<ESC> 8 ..........................................  55 
<ESC> 9 ..........................................  62 
<ESC> : ..........................................  33 
<ESC> ; ..........................................  41 
<ESC> < ..........................................  58 
<ESC> <DEL> ......................................  62 
<ESC> <Macrocode> ................................  61 
#text end#
#free(02.351852e-2)#
 
 
 75 
#page##--------------------------------- Ende der Seite 75 -----------#
#center##on("b")#Bedienungshandbuch zum ruc - Graphikterminal#off("b")# 
 
 
 
#type("elite")##limit(16.2)##linefeed(01.0)# 
#text begin# 
<ESC> <SPACE> ....................................  50 
<ESC> <SPACE> 0 ..................................  10 
<ESC> <SPACE> 1 ..................................  13 
<ESC> <SPACE> 6 ..................................  47 
<ESC> <SPACE> 7 ..................................  47 
<ESC> <SPACE> <SPACE> ............................  46 
<ESC> = ..........................................  52 
<ESC> = ..........................................  57 
<ESC> > ..........................................  58 
<ESC> ? ..........................................  57 
<ESC> @ ..........................................  58 
<ESC> A ..........................................  59 
<ESC> D E ........................................  51 
<ESC> D L ........................................  51 
<ESC> D O ........................................  51 
<ESC> E ..........................................  14 
<ESC> E ..........................................  52 
<ESC> F ..........................................  63 
<ESC> G ..........................................  29 
<ESC> G ..........................................  54 
<ESC> H ..........................................  59 
<ESC> I ..........................................  14 
<ESC> I ..........................................  52 
<ESC> J ..........................................  38 
<ESC> K ..........................................  37 
<ESC> L ..........................................  52 
<ESC> M ..........................................  52 
<ESC> N ..........................................  27 
<ESC> N ..........................................  30 
<ESC> O 0 ........................................  19 
<ESC> O 0 ........................................  28 
<ESC> O 1 ........................................  19 
<ESC> O 2 ........................................  19 
<ESC> O 3 ........................................  20 
<ESC> O 4 ........................................  21 
<ESC> O 5 ........................................  22 
<ESC> O 5 ........................................  43 
<ESC> O 6 ........................................  20 
<ESC> O 7 ........................................  22 
<ESC> O 7 ........................................  42 
<ESC> O 7 ........................................  44 
<ESC> O 8 ........................................  36 
<ESC> O 9 ........................................  36 
<ESC> O : ........................................  40 
<ESC> P ..........................................  54 
<ESC> Q ..........................................  14 
<ESC> Q ..........................................  52 
<ESC> R ..........................................  14 
<ESC> R ..........................................  52 
<ESC> S ..........................................  26 
<ESC> S ..........................................  57 
<ESC> T ..........................................  33 
#text end#
#free(02.351852e-2)#
 
 
#right#76 
#type("elite")##limit(16.2)##linefeed(01.0)# 
#page##--------------------------------- Ende der Seite 76 -----------#
#center##on("b")#  Stichwortverzeichnis  #off("b")# 
 
 
 
#type("elite")##limit(16.2)##linefeed(01.0)# 
#text begin# 
<ESC> U ..........................................  62 
<ESC> W ..........................................  14 
<ESC> W ..........................................  52 
<ESC> X ..........................................  63 
<ESC> X ..........................................  63 
<ESC> Y ..........................................  33 
<ESC> Z ..........................................  53 
<ESC> \ ..........................................  40 
<ESC> ^ ..........................................  44 
<ESC> _ ..........................................  41 
<ESC> ` ..........................................  58 
<ESC> a ..........................................  58 
<ESC> b ..........................................  55 
<ESC> c ..........................................  60 
<ESC> d ..........................................  55 
<ESC> e ..........................................  13 
<ESC> e ..........................................  60 
<ESC> e ..........................................  61 
<ESC> j ..........................................  52 
<ESC> m ..........................................  34 
<ESC> n ..........................................  35 
<ESC> o ..........................................  36 
<ESC> q ..........................................  34 
<ESC> r ..........................................  35 
<ESC> s ..........................................  38 
<ESC> u ..........................................  63 
<ESC> u ..........................................  63 
<ESC> u ..........................................  63 
<ESC> v ..........................................  34 
<ESC> w ..........................................  35 
<ESC> x 1 ........................................  56 
<ESC> x 4 ........................................  56 
<ESC> y ..........................................  33 
<ESC> z ..........................................  28 
<ESC> z ..........................................  53 
<ESC> { ..........................................  8 
<ESC> | ..........................................  39 
<ESC> } ..........................................  8 
<ESC> ~ ..........................................  43 
<HOME> ...........................................  32 
<LEFT> ...........................................  32 
<LF> .............................................  14 
<LOCESC> .........................................  60 
<RETURN> .........................................  31 
<RIGHT> ..........................................  32 
<SHIFT CE> .......................................  31 
<SHIFT CTRL HOME> ................................  32 
<SHIFT CTRL HOME> ................................  51 
<SHIFT HOME> .....................................  32 
<SHIFT RETURN> ...................................  31 
<TAB> ............................................  31 
<UP> .............................................  31 
#text end#
#free(02.351852e-2)#
 
 
 77 
#page##--------------------------------- Ende der Seite 77 -----------#
#center##on("b")#Bedienungshandbuch zum ruc - Graphikterminal#off("b")# 
 
 
 
#type("elite")##limit(16.2)##linefeed(01.0)# 
#text begin# 
XOFF .............................................  49 
XON ..............................................  49 
#text end#
#free(21.19019)#
 
 
#right#78 
#type("elite")##limit(16.2)##linefeed(01.0)# 
#page##--------------------------------- Ende der Seite 78 -----------#
