#type ("elite")##limit (16.2)# 
#pagenr (""224"", 64)##type ("elite")# 
#page (64)# 
#kopf ("Bedienungshandbuch zum ruc - Graphikterminal")# 
#h("A.", "Anhang A - ASCII Tabelle, ZeichensÑtze, Parameter")# 
 
 
              Winkel Cur- Byteparameter 
Dez Hex ASCII  Grad  sor  4    5    6 Taste(n)             Graphikzeichen 
#linie ("16.0")# 
  0 00  NUL       0       0    0    0  <SHIFT CTRL @> 
  1 01  SOH       5       1    1    1  <CTRL A> 
  2 02  STX      10       2    2    2  <CTRL B> 
  3 03  ETX      15       3    3    3  <CTRL C> 
  4 04  EOT      20       4    4    4  <CTRL D> 
  5 05  ENQ      25       5    5    5  <CTRL E> 
  6 06  ACK      30       6    6    6  <CTRL F> 
  7 07  BEL      35       7    7    7  <CTRL G> 
  8 08  BS       40       8    8    8  <BACKSPACE>  <== 
  9 09  HT       45       9    9    9  <TAB> 
 10 0A  LF       50      10   10   10  <CTRL J> Apple: <DOWN> 
 11 0B  VT       55      11   11   11  <CTRL K> Apple: <UP> 
 12 0C  FF       60      12   12   12  <CTRL L> TVI: <RIGHT> 
 13 0D  CR       65      13   13   13  <RETURN> 
 14 0E  SO       70      14   14   14  <CTRL N> 
 15 0F  SI       75      15   15   15  <CTRL O> 
 16 10  DLE      80       0   16   16  <CTRL P> 
 17 11  DC1 XON  85       1   17   17  <CTRL Q> 
 18 12  DC2      90       2   18   18  <CTRL R> 
 19 13  DC3 XOFF 95       3   19   19  <CTRL S> 
 20 14  DC4     100       4   20   20  <CTRL T> 
 21 15  NAK     105       5   21   21  ==>   Apple: <RIGHT> 
 22 16  SYN     110       6   22   22  <CTRL V> 
 23 17  ETB     115       7   23   23  <CTRL W> 
 24 18  CAN     120       8   24   24  <CTRL X> <CE> 
 25 19  EM      125       9   25   25  <CTRL Y> 
 26 1A  SUB     130      10   26   26  <CTRL Z> TVI: <CLEAR> 
 27 1B  ESC     135      11   27   27  <ESC> 
 28 1C  FS      140      12   28   28  <CTRL \> 
 29 1D  GS      145      13   29   29  <CTRL ]> 
 30 1E  RS      150      14   30   30  <CTRL ^> TVI: <HOME> 
 31 1F  US      155      15   31   31  <CTRL _> TVI: <SHIFT RETURN> 
 32 20  SPACE   160   0   0    0   32  <SPACE> 
 33 21  !       165   1   1    1   33  ! 
 34 22  "       170   2   2    2   34  " 
 35 23  #       175   3   3    3   35  # 
 36 24  $       180   4   4    4   36  $ 
 37 25  %       185   5   5    5   37  % 
 38 26  &       190   6   6    6   38  & 
 39 27  '       195   7   7    7   39  ' 
 40 28  (       200   8   8    8   40  ( 
 41 29  )       205   9   9    9   41  ) 
 42 2A  *       210  10  10   10   42  * 
 43 2B  +       215  11  11   11   43  + 
 44 2C  ,       220  12  12   12   44  , 
 45 2D  -       225  13  13   13   45  - 
 46 2E  .       230  14  14   14   46  . 
 47 2F  /       235  15  15   15   47  / 
 48 30  0       240  16   0   16   48  0 
 49 31  1       245  17   1   17   49  1 
 50 32  2       250  18   2   18   50  2 
 51 33  3       255  19   3   19   51  3 
 52 34  4       260  20   4   20   52  4 
 53 35  5       265  21   5   21   53  5 
 54 36  6       270  22   6   22   54  6 
 55 37  7       275  23   7   23   55  7 
 56 38  8       280  24   8   24   56  8 
 57 39  9       285  25   9   25   57  9 
 58 3A  :       290  26  10   26   58  : 
 59 3B  ;       295  27  11   27   59  ; 
 60 3C  <       300  28  12   28   60  < 
 61 3D  =       305  29  13   29   61  = 
 62 3E  >       310  30  14   30   62  > 
 63 3F  ?       315  31  15   31   63  ? 
 64 40  @       320  32   0    0    0  @ 
 65 41  A       325  33   1    1    1  A 
 66 42  B       330  34   2    2    2  B 
 67 43  C       335  35   3    3    3  C 
 68 44  D       340  36   4    4    4  D 
 69 45  E       345  37   5    5    5  E 
 70 46  F       350  38   6    6    6  F 
 71 47  G       355  39   7    7    7  G 
 72 48  H         0  40   8    8    8  H 
 73 49  I         5  41   9    9    9  I 
 74 4A  J        10  42  10   10   10  J 
 75 4B  K        15  43  11   11   11  K 
 76 4C  L        20  44  12   12   12  L 
 77 4D  M        25  45  13   13   13  M 
 78 4E  N        30  46  14   14   14  N 
 79 4F  O        35  47  15   15   15  O 
 80 50  P        40  48   0   16   16  P 
 81 51  Q        45  49   1   17   17  Q 
 82 52  R        50  50   2   18   18  R 
 83 53  S        55  51   3   19   19  S 
 84 54  T        60  52   4   20   20  T 
 85 55  U        65  53   5   21   21  U 
 86 56  V        70  54   6   22   22  V 
 87 57  W        75  55   7   23   23  W 
 88 58  X        80  56   8   24   24  X 
 89 59  Y        85  57   9   25   25  Y 
 90 5A  Z        90  58  10   26   26  Z 
 91 5B  [   é    95  59  11   27   27  [ 
 92 5C  \   ô   100  60  12   28   28  \ 
 93 5D  ]   ö   105  61  13   29   29  ] 
 94 5E  ^       110  62  14   30   30  ^ 
 95 5F  _       115  63  15   31   31  _ 
 96 60  `       120  64   0    0   32  ` 
 97 61  a       125  65   1    1   33  a 
 98 62  b       130  66   2    2   34  b 
 99 63  c       135  67   3    3   35  c 
100 64  d       140  68   4    4   36  d 
101 65  e       145  69   5    5   37  e 
102 66  f       150  70   6    6   38  f 
103 67  g       155  71   7    7   39  g 
104 68  h       160  72   8    8   40  h 
105 69  i       165  73   9    9   41  i 
106 6A  j       170  74  10   10   42  j 
107 6B  k       175  75  11   11   43  k 
108 6C  l       180  76  12   12   44  l 
109 6D  m       185  77  13   13   45  m 
110 6E  n       190  78  14   14   46  n 
111 6F  o       195  79  15   15   47  o 
112 70  p       200       0   16   48  p 
113 71  q       205       1   17   49  q 
114 72  r       210       2   18   50  r 
115 73  s       215       3   19   51  s 
116 74  t       220       4   20   52  t 
117 75  u       225       5   21   53  u 
118 76  v       230       6   22   54  v 
119 77  w       235       7   23   55  w 
120 78  x       240       8   24   56  x 
121 79  y       245       9   25   57  y 
122 7A  z       250      10   26   58  z 
123 7B  {   Ñ   255      11   27   59  { 
124 7C  |   î   260      12   28   60  | 
125 7D  }   Å   265      13   29   61  } 
126 7E  ~   ·   270      14   30   62  ~ 
127 7F  DEL     275      15   31   63  <DELETE> 
128 80  * NUL   280       0    0    0 
129 81  * SOH   285       1    1    1  <SHIFT DELETE> 
130 82  * STX   290       2    2    2  <SHIFT TOPLEFT> # 
131 83  * ETX   295       3    3    3  <SHIFT TOPRIGHT> # 
132 84  * EOT   300       4    4    4 
133 85  * ENQ   305       5    5    5 
134 86  * ACK   310       6    6    6 
135 87  * BEL   315       7    7    7 
136 88  * BS    320       8    8    8  <LEFT> # 
137 89  * HT    325       9    9    9  <SHIFT TAB> # 
138 8A  * LF    330      10   10   10  <DOWN> # 
139 8B  * VT    335      11   11   11  <UP> # 
140 8C  * FF    340      12   12   12 
141 8D  * CR    345      13   13   13  <SHIFT RETURN> # 
142 8E  * SO    350      14   14   14  <TOPLEFT> # 
143 8F  * SI    355      15   15   15  <TOPRIGHT> # 
144 90  * DLE     0       0   16   16 
145 91  * DC1     5       1   17   17 
146 92  * DC2    10       2   18   18 
147 93  * DC3    15       3   19   19 
148 94  * DC4    20       4   20   20 
149 95  * NAK    25       5   21   21  <RIGHT> # 
150 96  * SYN    30       6   22   22 
151 97  * ETB    35       7   23   23 
152 98  * CAN    40       8   24   24 
153 99  * EM     45       9   25   25 
154 9A  * SUB    50      10   26   26 
155 9B  * ESC    55      11   27   27  <SHIFT ESC> 
156 9C  * FS     60      12   28   28 
157 9D  * GS     65      13   29   29 
158 9E  * RS     70      14   30   30 
159 9F  * US     75      15   31   31 
160 A0  * SPACE  80       0    0   32 
161 A1  * !      85       1    1   33  <CTRL F1> 
162 A2  * "      90       2    2   34  <CTRL F2> 
163 A3  * #      95       3    3   35  <CTRL F3> 
164 A4  * $     100       4    4   36  <CTRL F4> 
165 A5  * %     105       5    5   37  <CTRL F5> 
166 A6  * &     110       6    6   38  <CTRL F6> 
167 A7  * '     115       7    7   39  <CTRL F7> 
168 A8  * (     120       8    8   40  <CTRL F8> 
169 A9  * )     125       9    9   41  <CTRL F9> 
170 AA  * *     130      10   10   42  <CTRL F10> 
171 AB  * +     135      11   11   43  <CTRL F11> 
172 AC  * ,     140      12   12   44  <CTRL F12> 
173 AD  * -     145      13   13   45  <CTRL F13> 
174 AE  * .     150      14   14   46  <CTRL F14> 
175 AF  * /     155      15   15   47  <CTRL F15> 
176 B0  * 0     160       0   16   48 
177 B1  * 1     165       1   17   49  <SHIFT CTRL F1> 
178 B2  * 2     170       2   18   50  <SHIFT CTRL F2> 
179 B3  * 3     175       3   19   51  <SHIFT CTRL F3> 
180 B4  * 4     180       4   20   52  <SHIFT CTRL F4> 
181 B5  * 5     185       5   21   53  <SHIFT CTRL F5> 
182 B6  * 6     190       6   22   54  <SHIFT CTRL F6> 
183 B7  * 7     195       7   23   55  <SHIFT CTRL F7> 
184 B8  * 8     200       8   24   56  <SHIFT CTRL F8> 
185 B9  * 9     205       9   25   57  <SHIFT CTRL F9> 
186 BA  * :     210      10   26   58  <SHIFT CTRL F10> 
187 BB  * ;     215      11   27   59  <SHIFT CTRL F11> 
188 BC  * <     220      12   28   60  <SHIFT CTRL F12> 
189 BD  * =     225      13   29   61  <SHIFT CTRL F13> 
190 BE  * >     230      14   30   62  <SHIFT CTRL F14> 
191 BF  * ?     235      15   31   63  <SHIFT CTRL F15> 
192 C0  * @     240       0    0    0 
193 C1  * A     245       1    1    1  <F1> # 
194 C2  * B     250       2    2    2  <F2> # 
195 C3  * C     255       3    3    3  <F3> # 
196 C4  * D     260       4    4    4  <F4> # 
197 C5  * E     265       5    5    5  <F5> # 
198 C6  * F     270       6    6    6  <F6> # 
199 C7  * G     275       7    7    7  <F7> # 
200 C8  * H     280       8    8    8  <F8> # 
201 C9  * I     285       9    9    9  <F9> # 
202 CA  * J     290      10   10   10  <F10> # 
203 CB  * K     295      11   11   11  <F11> # 
204 CC  * L     300      12   12   12  <F12> # 
205 CD  * M     305      13   13   13  <F13> # 
206 CE  * N     310      14   14   14  <F14> # 
207 CF  * O     315      15   15   15  <F15> # 
208 D0  * P     320       0   16   16  <SHIFT HOME> # 
209 D1  * Q     325       1   17   17  <SHIFT F1> # 
210 D2  * R     330       2   18   18  <SHIFT F2> # 
211 D3  * S     335       3   19   19  <SHIFT F3> # 
212 D4  * T     340       4   20   20  <SHIFT F4> # 
213 D5  * U     345       5   21   21  <SHIFT F5> # 
214 D6  * V     350       6   22   22  <SHIFT F6> # 
215 D7  * W     355       7   23   23  <SHIFT F7> # 
216 D8  * X       0       8   24   24  <SHIFT F8> # 
217 D9  * Y       5       9   25   25  <SHIFT F9> # 
218 DA  * Z      10      10   26   26  <SHIFT F10> # 
219 DB  * [ * é  15      11   27   27  <SHIFT F11> # 
220 DC  * \ * ô  20      12   28   28  <SHIFT F12> # 
221 DD  * ] * ö  25      13   29   29  <SHIFT F13> # 
222 DE  * ^      30      14   30   30  <SHIFT F14> # 
223 DF  * _      35      15   31   31  <SHIFT F15> # 
224 E0  * `      40       0    0   32 
225 E1  * a      45       1    1   33  <SHIFT NUM1> # 
226 E2  * b      50       2    2   34  <SHIFT NUM2> # 
227 E3  * c      55       3    3   35  <SHIFT NUM3> # 
228 E4  * d      60       4    4   36  <SHIFT NUM4> # 
229 E5  * e      65       5    5   37  <SHIFT NUM5> # 
230 E6  * f      70       6    6   38  <SHIFT NUM6> # 
231 E7  * g      75       7    7   39  <SHIFT NUM7> # 
232 E8  * h      80       8    8   40  <SHIFT NUM8> # 
233 E9  * i      85       9    9   41  <SHIFT NUM9> # 
234 EA  * j      90      10   10   42  <SHIFT NUM0> # 
235 EB  * k      95      11   11   43  <SHIFT NUM.> # 
236 EC  * l     100      12   12   44  <SHIFT NUM+> # 
237 ED  * m     105      13   13   45  <SHIFT NUM-> # 
238 EE  * n     110      14   14   46 
239 EF  * o     115      15   15   47  <SHIFT BOTRIGHT> # 
240 F0  * p     120       0   16   48 
241 F1  * q     125       1   17   49 
242 F2  * r     130       2   18   50 
243 F3  * s     135       3   19   51 
244 F4  * t     140       4   20   52 
245 F5  * u     145       5   21   53 
246 F6  * v     150       6   22   54 
247 F7  * w     155       7   23   55 
248 F8  * x     160       8   24   56 
249 F9  * y     165       9   25   57 
250 FA  * z     170      10   26   58 
251 FB  * { * Ñ 175      11   27   59 
252 FC  * | * î 180      12   28   60 
253 FD  * } * Å 185      13   29   61 
254 FE  * ~ * · 190      14   30   62 
255 FF  * DEL   195      15   31   63 
 
Beim Apple-Keyboard kînnen alle Codes > 127 auch mit der Open-Apple Taste
und einem ASCII-Zeichen zusammen erzeugt werden. 
Die mit # gekennzeichneten Tasten erzeugen im TVI-Modus nicht diesen Code. 
Die mit * gekennzeichneten ASCII-Zeichen werden auf dem Bildschirm invers
dargestellt. 
 
#page# 
#h("B.", "Anhang B - BefehlsÅbersicht")# 
 
 
#on("u")#Controlkommandos:#off("u")# 
 
Hex ASCII Taste(n)                      Funktion 
#linie ("16.0")# 
07  BEL  <CTRL G>                       Signalton 
08  BS   <BACKSPACE>  <==               Backspace, Cursor Left 
09  HT   <TAB>                          Tabulator, 8 Spalten 
0A  LF   <CTRL J> Apple: <DOWN>         Zeilenvorschub, ggf. Scroll/Page 
0B  VT   <CTRL K> Apple: <UP>           Cursor hoch 
0C  FF   <CTRL L> TVI: <RIGHT>          Cursor rechts 
0D  CR   <RETURN>                       WaagenrÅcklauf, ohne Linefeed 
0E  SO   <CTRL N>                       XON/XOFF Protokoll ausschalten 
0F  SI   <CTRL O>                       XON/XOFF Protokoll einschalten 
11  DC1  <CTRL Q>                       XON 
13  DC3  <CTRL S>                       XOFF 
15  NAK  <CTRL U> ==> Apple: <RIGHT>    Cursor rechts 
16  SYN  <CTRL V>                       Cursor runter (ohne Scroll/Page) 
17  CAN  <CTRL X> <CE>                  Graphikmodus: Fadenkreuz an/aus 
1A  SUB  <CTRL Z> TVI: <CLEAR>          Bildschirm lîschen & Cursor Home 
1B  ESC  <ESC>                          Escape-Sequenz einleiten 
1E  RS   <CTRL ^> TVI: <HOME>           Cursor Home 
1F  US   <CTRL _> TVI: <SHIFT RETURN>   Zum nÑchsten Zeilenanfang, ggf.
                                        Scroll/Page 
 
 
Escape-Sequenzen, thematisch sortiert 
------------------------------------- 
 
a.) Betriebsmodi: 
 
ESC $                 Graphikmodus einschalten 
ESC %                 Textmodus einschalten 
ESC H                 Autoscroll/Pagemode 
ESC U                 Monitormode einschalten 
ESC X                 Monitormode/Hexmode ausschalten 
ESC c                 Funktionstastencode/Funktionstastenstring 
ESC u                 Hexmode ein-/ausschalten, Monitormode ausschalten 
 
 
b.) Editkommandos 
 
ESC *                 Text oder Graphikbildschirm lîschen und Cursor Home 
ESC +                                        " 
ESC ,                                        " 
ESC :                                        " 
ESC E                 Zeile einfÅgen (im Textmodus) 
ESC I                 RÅckwÑrtstabulator (8 Spalten, im Textmodus) 
ESC L                 Zeile einfÅgen (im Textmodus) 
ESC M                 Zeile lîschen (im Textmodus) 
ESC Q                 Zeichen einfÅgen (im Textmodus) 
ESC R                 Zeile lîschen (im Textmodus) 
ESC T                 Zeile ab Cursorposition bis zum Zeilenende lîschen 
ESC W                 Zeichen lîschen (im Textmodus) 
ESC Y                 Seite ab Cursorposition bis zum Seitenende lîschen 
ESC j                 Umgekehrter Zeilenvorschub 
ESC t                 Zeile ab Cursor bis Zeilenende lîschen (im Textmodus) 
 
 
c.) Sendekommandos 
 
ESC -                 Farbe, Zustand, In-Window-Bit bei Cursorpos senden 
ESC 4                 Nummer der sichtbaren und der Arbeitsseite senden 
ESC 5                 Graphikparameter (Dicke,Farbe,BitverknÅpfung) senden 
ESC 6                 Aktuelle Textzeile senden 
ESC 7                 Ganze Textseite senden 
ESC 8                 Zeichen an der Cursorposition senden 
ESC \ <ll><lh><al><ah>Aktuelle Graphikseite senden (oder Teile) 
ESC ;                 Position des Graphikcursors senden 
ESC ?                 Position des Textcursors senden 
ESC _                 Graphikbyte bei Graphikcursorposition senden 
ESC x 1 <l><m>        Zeilenbegrenzer fÅr <ESC> 6 und <ESC> 7 einstellen 
ESC x 4 <p>           Seitenbegrenzer fÅr <ESC> 7 einstellen 
 
 
d.) öbertragungskommandos 
 
ESC SPACE SPACE <p>   Baudrate, Stopbits, Datenbits, Parity einstellen 
ESC SPACE 0           Basis/Apple Keyboardcodes, keine Emulation 
ESC SPACE 1           TVI - Emulation 
ESC SPACE 2           Keine Hardware Flu·kontrolle 
ESC SPACE 3           RTS/CTS Flu·kontrolle 
ESC SPACE 4           DTR/DSR Flu·kontrolle 
ESC SPACE 5           RTS/CTS und DTR/DSR Flu·kontrolle 
ESC SPACE 6           8. Datenbit ist 0 
ESC SPACE 7           8. Datenbit vorhanden 
ESC D L               Local-Modus 
ESC D E               Online-Modus mit Echo 
ESC D O               Online-Modus ohne Echo 
 
 
e.) Bildschirm/Druckerausgabe 
 
ESC @                 Empfangsdaten auf Drucker ausgeben 
ESC A                 Empfangsdaten nicht auf Drucker ausgeben 
ESC P                 Hardcopy der Textseite 
ESC ^ <p>             Hardcopy der aktuellen Graphikseite 
ESC `                 Empfangsdaten nicht auf dem Bildschirm anzeigen 
ESC a                 Empfangsdaten auf dem Bildschirm anzeigen 
ESC ~ <n><l><p.>      Definition d.Druckertreiberstrings f.Graphikhardcopy 
 
 
f.) Cursor/Cursor Adressierung 
 
ESC . 0               Cursor aus 
ESC . 1               Cursor blinkend 
ESC . 2               Cursor an, nicht blinkend 
ESC = <y+32><x+32>    Cursor auf Adresse positionieren 
ESC Z                 Cursor an/aus 
 
 
g.) Attribute 
 
ESC (                 Normale Zeichen 
ESC )                 Textmodus: Inversschrift, Graphik: Kursivschrift 
ESC G 0               Normale Schrift 
ESC G 1               Unsichtbare Schrift, Leerzeichen 
ESC G 4               Inverse Schrift 
ESC G 5               Unsichtbare Schrift, inverse Leerzeichen 
ESC b                 Schwarze Schrift auf hellem Grund (nur im Textmodus) 
ESC d                 Helle Schrift auf dunklem Grund, (nur im Textmodus) 
ESC z <n>             Zeichensatz einstellen 
 
 
h.) Text in Graphiken 
 
ESC &                 Graphikzeichen ersetzen darunterliegende 
ESC '                 Graphikzeichen Åberschreiben darunterliegende 
ESC N <b><h><w>       Zeichenbreite, -hîhe und Schreibrichtung einstellen 
 
 
i.) Graphikzeichenkommandos 
 
ESC J <b, h;>         Relatives Rechteck zeichnen 
ESC K <r, s;>         Kreis(segmente) mit dem Radius <r> zeichnen 
ESC m <x, y;>         Absoluten Punkt bei (x, y) zeichnen 
ESC n <l, w;>         Turtle Draw/Move <l> ist LÑnge, <w> ist Winkel 
ESC o                 Turtle Penup/Pendown 
ESC q <x, y;>         Relativer Move 
ESC r <x, y;>         Relativer Draw 
ESC s <xr,yr,aw,ew;>  Ellipsenbogen(Radien xr,yr) v.<aw> bis <ew> zeichnen 
ESC v <x, y;>         Absoluter Move nach (x, y) 
ESC w <x, y;>         Absoluter Draw nach (x, y) 
 
 
j.) Verschiede Graphikkommandos 
 
ESC ! <p>             Graphikseiten mischen, kopieren, trennen, invertieren 
ESC / <ll><lh><al><ah><p...> Graphikseite vom Host laden 
ESC O 0               Graphikparameter auf Default 
ESC O 1 <d>           Strichdicke setzen 
ESC O 2 <f>           Farbe/Helligkeit einstellen 
ESC O 3 <p>           Linientyp (Punkt/Strichmuster) einstellen 
ESC O 4 <p>           BitverknÅpfung setzen (0=OR, 1=AND, 2=XOR, 3=COPY) 
ESC O 5 <p>           Farbe, Dicke, BitverknÅpfung zusammen einstellen 
ESC O 6 <pl><ph>      Benutzerdefinierbares Linienmuster einstellen 
ESC O 7 <p>           Arbeitsseite, sichtbare Seite u.Mixedmode einstellen 
ESC O 8 <p>           Turtle Penup/Pendown und Eraser/Drawer einstellen 
ESC O 9               Turtle Bildmitte, Richtung nach oben, Pendown, Drawer 
ESC O : <b1..b8>      Benutzerdefinierbares FÅllmuster einstellen 
ESC y                 Graphikseite lîschen und Cursor nach (0, 0) 
ESC | <n>             FlÑche fÅllen/lîschen mit dem Muster Nummer <n> 
 
 
k.) Verschiedene und spezielle Funktionen 
 
ESC 0                 Terminalprogramm initialisieren (Softwarereset) 
ESC 9 <d>             Zeitverzîgerung ca. <d> * 2 ms 
ESC <                 Keyboardclick ausschalten 
ESC >                 Keyboardclick einschalten 
ESC F <c>             Controlcharacter darstellen 
ESC e <d...><t>       Funktionstaste <t> mit Daten <d...> belegen 
ESC {                 Statuszeile aus (24. Textzeile sichtbar) 
ESC }                 Statuszeile an (24. Textzeile unsichtbar) 
ESC S <n>             Graphik/Textseite von/auf Diskette laden/speichern 
ESC DEL 1             Tastenbelegungen lîschen 
ESC DEL 2             Druckerpuffer lîschen 
ESC DEL 3             Empfangspuffer lîschen 
ESC DEL 4             Sendepuffer lîschen 
 
#page# 
#h("C.", "Anhang C - Default Funktionstastenbelegungen")# 
 
 
Bemerkung zur Schreibweise: 
<#40> bezeichnet den ASCII-Code fÅr '(', also den ASCII-Code 40 (dezimal). 
<LESC> bezeichnet den Code Hex 9B fÅr Local Escape, damit diese Tastenfunk-
tionen sowohl im Local- als auch im Onlinemodus ausgefÅhrt werden kînnen. 
 
a.) Zehnerblock mit <SHIFT> 
 
Die Anordnung der Zifferntasten entspricht einem "Cursorblock" mit acht
Richtungen. Die Taste <SHIFT 5> zeigt nur das Fadenkreuz, d.h. die Position
des Graphikcursors bleibt unverÑndert. Bei allen anderen Zifferntasten Ñn-
dert sich die Position des Graphikcursors und das Fadenkreuz wird kurz
sichtbar. Bis auf die Help-Taste <SHIFT F4> kînnen alle Tasten auch im On-
line-Modus aufgerufen werden. 
 
Die Tastenbelegungen im einzelnen: 
 
Taste    Hex-Code Code-Sequenz 
#linie ("16.0")# 
<SHIFT 1>  E1  <LESC> q-1,-1; <LESC><CTRL X><LESC> 9 <#40><LESC><CTRL X> 
<SHIFT 2>  E2  <LESC> q0,-1;  <LESC><CTRL X><LESC> 9 <#40><LESC><CTRL X> 
<SHIFT 3>  E3  <LESC> q1,-1;  <LESC><CTRL X><LESC> 9 <#40><LESC><CTRL X> 
<SHIFT 4>  E4  <LESC> q-1,0;  <LESC><CTRL X><LESC> 9 <#40><LESC><CTRL X> 
<SHIFT 5>  E5  <LESC> <CTRL X><LESC> 9 <#127> <LESC> <CTRL X> 
<SHIFT 6>  E6  <LESC> q1,0;   <LESC><CTRL X><LESC> 9 <#40><LESC><CTRL X> 
<SHIFT 7>  E7  <LESC> q-1,1;  <LESC><CTRL X><LESC> 9 <#40><LESC><CTRL X> 
<SHIFT 8>  E8  <LESC> q0,1;   <LESC><CTRL X><LESC> 9 <#40><LESC><CTRL X> 
<SHIFT 9>  E9  <LESC> q1,1;   <LESC><CTRL X><LESC> 9 <#40><LESC><CTRL X> 
 
Terminalinitialisierung mit <SHIFT BOTTOMRIGHT>: 
            EF  (Cursorpositionierung und Einschaltmeldung) 
 
 
b.) Die Funktionstasten mit <SHIFT> 
 
Taste    Hex-Code Code-Sequenz                     Bedeutung 
#linie ("16.0")# 
<SHIFT F1>  D1  <LESC> $ <LESC> O70                Graphikseite 1 
<SHIFT F2>  D2  <LESC> $ <LESC> O73                Graphikseite 2 
<SHIFT F3>  D3  <LESC> %                           Textseite 
<SHIFT F4>  D4  <ESC>SW<#26> H e l p s c r e e n (a..f): <ESC>S<#81> 
                <ESC>9<#81> <ESC>SG                Help-Bilschirm anzeigen 
<SHIFT F8>  D8  <LESC> O41                         Linien schwarz (lîschen) 
<SHIFT F9>  D9  <LESC> O40                         Linien wei· (sichtbar) 
<SHIFT F10> DA  <LESC> O12 <LESC> N <#12><#20><#0> Gro·e und dicke Schrift 
<SHIFT F11> DB  <LESC> O11 <LESC> N <#0><#0><#0>   Normal dÅnne Schrift 
<SHIFT F12> DC  <LESC> G4                          Kursiv/Invers an 
<SHIFT F13> DD  <LESC> G0                          Kursiv/Invers aus 
<SHIFT F14> DE  <LESC> ^0                          Graphikhardcopy 
<SHIFT F15> DF  <LESC> P                           Texthardcopy 
 
